<?xml version="1.0" encoding="UTF-8"?>
<testsuite xmlns:xsi="http://www.w3.org/2001/XMLSchema-instance" xsi:noNamespaceSchemaLocation="https://maven.apache.org/surefire/maven-surefire-plugin/xsd/surefire-test-report.xsd" version="3.0.2" name="com.userservice.controller.UserControllerTest" time="91.275" tests="5" errors="0" skipped="0" failures="0">
  <properties>
[...]
</properties>
  <testcase name="givenValidRegisterRequest_whenRegisterUser_thenStatus_201" classname="com.userservice.controller.UserControllerTest" time="0.646">
    <system-out><![CDATA[18:07:16.692 [main] INFO org.springframework.test.context.support.AnnotationConfigContextLoaderUtils -- Could not detect default configuration classes for test class [com.userservice.controller.UserControllerTest]: UserControllerTest does not declare any static, non-private, non-final, nested classes annotated with @Configuration.
18:07:16.928 [main] INFO org.springframework.boot.test.context.SpringBootTestContextBootstrapper -- Found @SpringBootConfiguration com.userservice.UserServiceApplication for test class com.userservice.controller.UserControllerTest
18:07:17.132 [main] INFO org.testcontainers.images.PullPolicy -- Image pull policy will be performed by: DefaultPullPolicy()
18:07:17.137 [main] INFO org.testcontainers.utility.ImageNameSubstitutor -- Image name substitution will be performed by: DefaultImageNameSubstitutor (composite of 'ConfigurationFileImageNameSubstitutor' and 'PrefixingImageNameSubstitutor')
18:07:17.171 [main] INFO org.testcontainers.DockerClientFactory -- Testcontainers version: 1.20.5
18:07:17.456 [main] INFO org.testcontainers.dockerclient.DockerClientProviderStrategy -- Loaded org.testcontainers.dockerclient.UnixSocketClientProviderStrategy from ~/.testcontainers.properties, will try it first
18:07:17.737 [main] INFO org.testcontainers.dockerclient.DockerClientProviderStrategy -- Found Docker environment with local Unix socket (unix:///var/run/docker.sock)
18:07:17.738 [main] INFO org.testcontainers.DockerClientFactory -- Docker host IP address is localhost
18:07:17.755 [main] INFO org.testcontainers.DockerClientFactory -- Connected to docker: 
  Server Version: 27.5.1
  API Version: 1.47
  Operating System: Linux Mint 21.2
  Total Memory: 15659 MB
18:07:17.790 [main] INFO tc.testcontainers/ryuk:0.11.0 -- Pulling docker image: testcontainers/ryuk:0.11.0. Please be patient; this may take some time but only needs to be done once.
18:07:20.404 [docker-java-stream-690289182] INFO tc.testcontainers/ryuk:0.11.0 -- Starting to pull image
18:07:20.443 [docker-java-stream-690289182] INFO tc.testcontainers/ryuk:0.11.0 -- Pulling image layers:  0 pending,  0 downloaded,  0 extracted, (0 bytes/0 bytes)
18:07:22.168 [docker-java-stream-690289182] INFO tc.testcontainers/ryuk:0.11.0 -- Pulling image layers:  2 pending,  1 downloaded,  0 extracted, (1 MB/? MB)
18:07:23.616 [docker-java-stream-690289182] INFO tc.testcontainers/ryuk:0.11.0 -- Pulling image layers:  1 pending,  2 downloaded,  0 extracted, (8 MB/? MB)
18:07:23.905 [docker-java-stream-690289182] INFO tc.testcontainers/ryuk:0.11.0 -- Pulling image layers:  1 pending,  2 downloaded,  1 extracted, (9 MB/? MB)
18:07:24.182 [docker-java-stream-690289182] INFO tc.testcontainers/ryuk:0.11.0 -- Pulling image layers:  1 pending,  2 downloaded,  2 extracted, (9 MB/? MB)
18:07:24.300 [docker-java-stream-690289182] INFO tc.testcontainers/ryuk:0.11.0 -- Pulling image layers:  0 pending,  3 downloaded,  2 extracted, (10 MB/10 MB)
18:07:24.472 [docker-java-stream-690289182] INFO tc.testcontainers/ryuk:0.11.0 -- Pulling image layers:  0 pending,  3 downloaded,  3 extracted, (10 MB/10 MB)
18:07:24.505 [docker-java-stream-690289182] INFO tc.testcontainers/ryuk:0.11.0 -- Pull complete. 3 layers, pulled in 4s (downloaded 10 MB at 2 MB/s)
18:07:24.506 [main] INFO tc.testcontainers/ryuk:0.11.0 -- Image testcontainers/ryuk:0.11.0 pull took PT6.715386142S
18:07:24.602 [main] INFO tc.testcontainers/ryuk:0.11.0 -- Creating container for image: testcontainers/ryuk:0.11.0
18:07:24.823 [main] INFO tc.testcontainers/ryuk:0.11.0 -- Container testcontainers/ryuk:0.11.0 is starting: e5e8edc1e30687b5b30b689658dcb6a81daf4b658195f77384f090c4ca77941b
18:07:25.419 [main] INFO tc.testcontainers/ryuk:0.11.0 -- Container testcontainers/ryuk:0.11.0 started in PT0.817689541S
18:07:25.424 [main] INFO org.testcontainers.utility.RyukResourceReaper -- Ryuk started - will monitor and terminate Testcontainers containers on JVM exit
18:07:25.425 [main] INFO org.testcontainers.DockerClientFactory -- Checking the system...
18:07:25.425 [main] INFO org.testcontainers.DockerClientFactory -- ✔︎ Docker server version should be at least 1.6.0
18:07:25.431 [main] INFO tc.mysql:8.0.33 -- Pulling docker image: mysql:8.0.33. Please be patient; this may take some time but only needs to be done once.
18:07:27.675 [docker-java-stream-1618406562] INFO tc.mysql:8.0.33 -- Starting to pull image
18:07:27.676 [docker-java-stream-1618406562] INFO tc.mysql:8.0.33 -- Pulling image layers:  0 pending,  0 downloaded,  0 extracted, (0 bytes/0 bytes)
18:07:28.964 [docker-java-stream-1618406562] INFO tc.mysql:8.0.33 -- Pulling image layers: 10 pending,  1 downloaded,  0 extracted, (884 bytes/? MB)
18:07:29.471 [docker-java-stream-1618406562] INFO tc.mysql:8.0.33 -- Pulling image layers:  9 pending,  2 downloaded,  0 extracted, (1 MB/? MB)
18:07:31.170 [docker-java-stream-1618406562] INFO tc.mysql:8.0.33 -- Pulling image layers:  8 pending,  3 downloaded,  0 extracted, (10 MB/? MB)
18:07:32.822 [docker-java-stream-1618406562] INFO tc.mysql:8.0.33 -- Pulling image layers:  7 pending,  4 downloaded,  0 extracted, (20 MB/? MB)
18:07:33.006 [docker-java-stream-1618406562] INFO tc.mysql:8.0.33 -- Pulling image layers:  6 pending,  5 downloaded,  0 extracted, (22 MB/? MB)
18:07:34.524 [docker-java-stream-1618406562] INFO tc.mysql:8.0.33 -- Pulling image layers:  5 pending,  6 downloaded,  0 extracted, (26 MB/? MB)
18:07:43.121 [docker-java-stream-1618406562] INFO tc.mysql:8.0.33 -- Pulling image layers:  4 pending,  7 downloaded,  0 extracted, (59 MB/? MB)
18:07:44.308 [docker-java-stream-1618406562] INFO tc.mysql:8.0.33 -- Pulling image layers:  3 pending,  8 downloaded,  0 extracted, (62 MB/? MB)
18:07:44.733 [docker-java-stream-1618406562] INFO tc.mysql:8.0.33 -- Pulling image layers:  3 pending,  8 downloaded,  1 extracted, (63 MB/? MB)
18:07:44.780 [docker-java-stream-1618406562] INFO tc.mysql:8.0.33 -- Pulling image layers:  3 pending,  8 downloaded,  2 extracted, (63 MB/? MB)
18:07:44.900 [docker-java-stream-1618406562] INFO tc.mysql:8.0.33 -- Pulling image layers:  3 pending,  8 downloaded,  3 extracted, (64 MB/? MB)
18:07:45.065 [docker-java-stream-1618406562] INFO tc.mysql:8.0.33 -- Pulling image layers:  2 pending,  9 downloaded,  3 extracted, (64 MB/? MB)
18:07:45.201 [docker-java-stream-1618406562] INFO tc.mysql:8.0.33 -- Pulling image layers:  2 pending,  9 downloaded,  4 extracted, (65 MB/? MB)
18:07:45.329 [docker-java-stream-1618406562] INFO tc.mysql:8.0.33 -- Pulling image layers:  2 pending,  9 downloaded,  5 extracted, (66 MB/? MB)
18:07:45.367 [docker-java-stream-1618406562] INFO tc.mysql:8.0.33 -- Pulling image layers:  2 pending,  9 downloaded,  6 extracted, (66 MB/? MB)
18:08:02.765 [docker-java-stream-1618406562] INFO tc.mysql:8.0.33 -- Pulling image layers:  1 pending, 10 downloaded,  6 extracted, (143 MB/? MB)
18:08:05.994 [docker-java-stream-1618406562] INFO tc.mysql:8.0.33 -- Pulling image layers:  0 pending, 11 downloaded,  6 extracted, (157 MB/158 MB)
18:08:07.437 [docker-java-stream-1618406562] INFO tc.mysql:8.0.33 -- Pulling image layers:  0 pending, 11 downloaded,  7 extracted, (157 MB/158 MB)
18:08:07.486 [docker-java-stream-1618406562] INFO tc.mysql:8.0.33 -- Pulling image layers:  0 pending, 11 downloaded,  8 extracted, (157 MB/158 MB)
18:08:12.043 [docker-java-stream-1618406562] INFO tc.mysql:8.0.33 -- Pulling image layers:  0 pending, 11 downloaded,  9 extracted, (158 MB/158 MB)
18:08:12.088 [docker-java-stream-1618406562] INFO tc.mysql:8.0.33 -- Pulling image layers:  0 pending, 11 downloaded, 10 extracted, (158 MB/158 MB)
18:08:12.128 [docker-java-stream-1618406562] INFO tc.mysql:8.0.33 -- Pulling image layers:  0 pending, 11 downloaded, 11 extracted, (158 MB/158 MB)
18:08:12.158 [docker-java-stream-1618406562] INFO tc.mysql:8.0.33 -- Pull complete. 11 layers, pulled in 44s (downloaded 158 MB at 3 MB/s)
18:08:12.158 [main] INFO tc.mysql:8.0.33 -- Image mysql:8.0.33 pull took PT46.72739863S
18:08:12.166 [main] INFO tc.mysql:8.0.33 -- Creating container for image: mysql:8.0.33
18:08:12.170 [main] WARN tc.mysql:8.0.33 -- Reuse was requested but the environment does not support the reuse of containers
To enable reuse of containers, you must set 'testcontainers.reuse.enable=true' in a file located at /home/karpo/.testcontainers.properties
18:08:14.163 [main] INFO tc.mysql:8.0.33 -- Container mysql:8.0.33 is starting: 6ce8514a74abf367dc2c950603636445fd157983be8d85ff46f3b2282c03f298
18:08:14.534 [main] INFO tc.mysql:8.0.33 -- Waiting for database connection to become available at jdbc:mysql://localhost:32769/test using query 'SELECT 1'
18:08:34.632 [main] INFO tc.mysql:8.0.33 -- Container mysql:8.0.33 started in PT22.46651621S
18:08:34.632 [main] INFO tc.mysql:8.0.33 -- Container is started (JDBC URL: jdbc:mysql://localhost:32769/test)
18:08:34.696 [main] INFO org.springframework.boot.devtools.restart.RestartApplicationListener -- Restart disabled due to context in which it is running

  .   ____          _            __ _ _
 /\\ / ___'_ __ _ _(_)_ __  __ _ \ \ \ \
( ( )\___ | '_ | '_| | '_ \/ _` | \ \ \ \
 \\/  ___)| |_)| | | | | || (_| |  ) ) ) )
  '  |____| .__|_| |_|_| |_\__, | / / / /
 =========|_|==============|___/=/_/_/_/

 :: Spring Boot ::                (v3.4.3)

2025-02-27T18:08:35.133+02:00  INFO 11918 --- [user-service] [           main] c.u.controller.UserControllerTest        : Starting UserControllerTest using Java 17.0.13 with PID 11918 (started by karpo in /home/karpo/IdeaProjects/User-service)
2025-02-27T18:08:35.135+02:00  INFO 11918 --- [user-service] [           main] c.u.controller.UserControllerTest        : No active profile set, falling back to 1 default profile: "default"
2025-02-27T18:08:37.561+02:00  INFO 11918 --- [user-service] [           main] .s.d.r.c.RepositoryConfigurationDelegate : Bootstrapping Spring Data JPA repositories in DEFAULT mode.
2025-02-27T18:08:37.724+02:00  INFO 11918 --- [user-service] [           main] .s.d.r.c.RepositoryConfigurationDelegate : Finished Spring Data repository scanning in 147 ms. Found 2 JPA repository interfaces.
2025-02-27T18:08:40.414+02:00  INFO 11918 --- [user-service] [           main] o.hibernate.jpa.internal.util.LogHelper  : HHH000204: Processing PersistenceUnitInfo [name: default]
2025-02-27T18:08:40.528+02:00  INFO 11918 --- [user-service] [           main] org.hibernate.Version                    : HHH000412: Hibernate ORM core version 6.6.8.Final
2025-02-27T18:08:40.584+02:00  INFO 11918 --- [user-service] [           main] o.h.c.internal.RegionFactoryInitiator    : HHH000026: Second-level cache disabled
2025-02-27T18:08:40.752+02:00  INFO 11918 --- [user-service] [           main] o.s.o.j.p.SpringPersistenceUnitInfo      : No LoadTimeWeaver setup: ignoring JPA class transformer
2025-02-27T18:08:40.800+02:00  INFO 11918 --- [user-service] [           main] com.zaxxer.hikari.HikariDataSource       : HikariPool-1 - Starting...
2025-02-27T18:08:41.009+02:00  INFO 11918 --- [user-service] [           main] com.zaxxer.hikari.pool.HikariPool        : HikariPool-1 - Added connection com.mysql.cj.jdbc.ConnectionImpl@507e3e77
2025-02-27T18:08:41.011+02:00  INFO 11918 --- [user-service] [           main] com.zaxxer.hikari.HikariDataSource       : HikariPool-1 - Start completed.
2025-02-27T18:08:41.065+02:00  WARN 11918 --- [user-service] [           main] org.hibernate.orm.deprecation            : HHH90000025: MySQLDialect does not need to be specified explicitly using 'hibernate.dialect' (remove the property setting and it will be selected by default)
2025-02-27T18:08:41.093+02:00  INFO 11918 --- [user-service] [           main] org.hibernate.orm.connections.pooling    : HHH10001005: Database info:
	Database JDBC URL [Connecting through datasource 'HikariDataSource (HikariPool-1)']
	Database driver: undefined/unknown
	Database version: 8.0.33
	Autocommit mode: undefined/unknown
	Isolation level: undefined/unknown
	Minimum pool size: undefined/unknown
	Maximum pool size: undefined/unknown
2025-02-27T18:08:42.168+02:00  INFO 11918 --- [user-service] [           main] o.h.e.t.j.p.i.JtaPlatformInitiator       : HHH000489: No JTA platform available (set 'hibernate.transaction.jta.platform' to enable JTA platform integration)
Hibernate: create table invalid_tokens (id varchar(255) not null, token_id varchar(255), primary key (id)) engine=InnoDB
Hibernate: create table users (id varchar(255) not null, email varchar(255), first_name varchar(255), last_name varchar(255), password varchar(255), user_status enum ('ACTIVE','PASSIVE','SUSPENDED'), user_type enum ('ADMIN','USER'), primary key (id)) engine=InnoDB
2025-02-27T18:08:42.314+02:00  INFO 11918 --- [user-service] [           main] j.LocalContainerEntityManagerFactoryBean : Initialized JPA EntityManagerFactory for persistence unit 'default'
2025-02-27T18:08:42.919+02:00  WARN 11918 --- [user-service] [           main] JpaBaseConfiguration$JpaWebConfiguration : spring.jpa.open-in-view is enabled by default. Therefore, database queries may be performed during view rendering. Explicitly configure spring.jpa.open-in-view to disable this warning
2025-02-27T18:08:44.164+02:00  INFO 11918 --- [user-service] [           main] o.s.b.a.e.web.EndpointLinksResolver      : Exposing 1 endpoint beneath base path '/actuator'
2025-02-27T18:08:46.124+02:00  INFO 11918 --- [user-service] [           main] o.s.b.t.m.w.SpringBootMockServletContext : Initializing Spring TestDispatcherServlet ''
2025-02-27T18:08:46.124+02:00  INFO 11918 --- [user-service] [           main] o.s.t.web.servlet.TestDispatcherServlet  : Initializing Servlet ''
2025-02-27T18:08:46.127+02:00  INFO 11918 --- [user-service] [           main] o.s.t.web.servlet.TestDispatcherServlet  : Completed initialization in 3 ms
2025-02-27T18:08:46.264+02:00  INFO 11918 --- [user-service] [           main] c.u.controller.UserControllerTest        : Started UserControllerTest in 11.586 seconds (process running for 90.84)
2025-02-27T18:08:47.055+02:00  INFO 11918 --- [user-service] [           main] c.userservice.controller.UserController  : Received user registration request for email: example@gmail.com
2025-02-27T18:08:47.073+02:00  INFO 11918 --- [user-service] [           main] c.userservice.controller.UserController  : User successfully registered: example@gmail.com

MockHttpServletRequest:
      HTTP Method = POST
      Request URI = /users/register
       Parameters = {}
          Headers = [Content-Type:"application/json;charset=UTF-8", Content-Length:"88"]
             Body = {"email":"example@gmail.com","password":"password","firstName":"Bob","lastName":"Boson"}
    Session Attrs = {}

Handler:
             Type = com.userservice.controller.UserController
           Method = com.userservice.controller.UserController#registerUser(UserRegisterRequest)

Async:
    Async started = false
     Async result = null

Resolved Exception:
             Type = null

ModelAndView:
        View name = null
             View = null
            Model = null

FlashMap:
       Attributes = null

MockHttpServletResponse:
           Status = 201
    Error message = null
          Headers = [Vary:"Origin", "Access-Control-Request-Method", "Access-Control-Request-Headers", X-Content-Type-Options:"nosniff", X-XSS-Protection:"0", Cache-Control:"no-cache, no-store, max-age=0, must-revalidate", Pragma:"no-cache", Expires:"0", X-Frame-Options:"DENY"]
     Content type = null
             Body = 
    Forwarded URL = null
   Redirected URL = null
          Cookies = []
]]></system-out>
  </testcase>
  <testcase name="givenLogoutRequest_whenUserLogout_thenReturnStatus_Ok" classname="com.userservice.controller.UserControllerTest" time="0.13">
    <system-out><![CDATA[2025-02-27T18:08:47.269+02:00  INFO 11918 --- [user-service] [           main] c.userservice.controller.UserController  : Logout request received for token: Bearer eyJ0eXAiOiJCZWFyZXIiLCJhbGciOiJSUzI1NiJ9.eyJqdGkiOiI2YTA2MzZjYy1kNDUyLTRjYzktYmViOS0zNDJmZmU2Yzc2MWYiLCJpYXQiOjE3NDA2NzI1MjcsImV4cCI6MTc0MDY3NDMyNywidXNlclN0YXR1cyI6IkFDVElWRSIsInVzZXJMYXN0TmFtZSI6IkJvc29uIiwidXNlckVtYWlsIjoia2FycG85OW9sZEBnbWFpbC5jb20iLCJ1c2VyVHlwZSI6IkFETUlOIiwidXNlckZpcnN0TmFtZSI6IkJvYiIsInVzZXJJZCI6IjhkYjE1MDQxLTQ2ODgtNDMxNS1hNmI1LTg2MDM1MGNmNDIzMiJ9.G1CnFB1pfQmQfPeE-j-hoWCh7GUyOiidekw565sjtFU9_02jSP5sjMmJbgTpf0vfqvGo7Gw6VDjFHpj0eGQHhDc52dfzoZgdmuEHV_CzRdUc7wXkVtKPXNLK0LLAMDHUW339VVKwRMB4ddJVEi9_yZpAqHhd39npJ83A5GoXnzEKOItYf58p3Fl6lpBrzkegUOEbMGOiEEaTVyLBsX1WnvFU89KVEJW8A5ocHZC_KLfkfkPzox0A5BFzoUEgBk6S3M5_PFrVJCCXR0Kwsz1qQ9MOy5xOHRa2MVbhk5RI_uhIplFUqId3NlT1qa_wG3ncClHlpchqLbbRS3hOAQ5vcA
2025-02-27T18:08:47.269+02:00  INFO 11918 --- [user-service] [           main] c.userservice.controller.UserController  : User successfully logged out.

MockHttpServletRequest:
      HTTP Method = POST
      Request URI = /users/logout
       Parameters = {}
          Headers = [Content-Type:"application/json;charset=UTF-8", Authorization:"Bearer Bearer eyJ0eXAiOiJCZWFyZXIiLCJhbGciOiJSUzI1NiJ9.eyJqdGkiOiI2YTA2MzZjYy1kNDUyLTRjYzktYmViOS0zNDJmZmU2Yzc2MWYiLCJpYXQiOjE3NDA2NzI1MjcsImV4cCI6MTc0MDY3NDMyNywidXNlclN0YXR1cyI6IkFDVElWRSIsInVzZXJMYXN0TmFtZSI6IkJvc29uIiwidXNlckVtYWlsIjoia2FycG85OW9sZEBnbWFpbC5jb20iLCJ1c2VyVHlwZSI6IkFETUlOIiwidXNlckZpcnN0TmFtZSI6IkJvYiIsInVzZXJJZCI6IjhkYjE1MDQxLTQ2ODgtNDMxNS1hNmI1LTg2MDM1MGNmNDIzMiJ9.G1CnFB1pfQmQfPeE-j-hoWCh7GUyOiidekw565sjtFU9_02jSP5sjMmJbgTpf0vfqvGo7Gw6VDjFHpj0eGQHhDc52dfzoZgdmuEHV_CzRdUc7wXkVtKPXNLK0LLAMDHUW339VVKwRMB4ddJVEi9_yZpAqHhd39npJ83A5GoXnzEKOItYf58p3Fl6lpBrzkegUOEbMGOiEEaTVyLBsX1WnvFU89KVEJW8A5ocHZC_KLfkfkPzox0A5BFzoUEgBk6S3M5_PFrVJCCXR0Kwsz1qQ9MOy5xOHRa2MVbhk5RI_uhIplFUqId3NlT1qa_wG3ncClHlpchqLbbRS3hOAQ5vcA", Content-Length:"1314"]
             Body = {"accessToken":"Bearer eyJ0eXAiOiJCZWFyZXIiLCJhbGciOiJSUzI1NiJ9.eyJqdGkiOiI2YTA2MzZjYy1kNDUyLTRjYzktYmViOS0zNDJmZmU2Yzc2MWYiLCJpYXQiOjE3NDA2NzI1MjcsImV4cCI6MTc0MDY3NDMyNywidXNlclN0YXR1cyI6IkFDVElWRSIsInVzZXJMYXN0TmFtZSI6IkJvc29uIiwidXNlckVtYWlsIjoia2FycG85OW9sZEBnbWFpbC5jb20iLCJ1c2VyVHlwZSI6IkFETUlOIiwidXNlckZpcnN0TmFtZSI6IkJvYiIsInVzZXJJZCI6IjhkYjE1MDQxLTQ2ODgtNDMxNS1hNmI1LTg2MDM1MGNmNDIzMiJ9.G1CnFB1pfQmQfPeE-j-hoWCh7GUyOiidekw565sjtFU9_02jSP5sjMmJbgTpf0vfqvGo7Gw6VDjFHpj0eGQHhDc52dfzoZgdmuEHV_CzRdUc7wXkVtKPXNLK0LLAMDHUW339VVKwRMB4ddJVEi9_yZpAqHhd39npJ83A5GoXnzEKOItYf58p3Fl6lpBrzkegUOEbMGOiEEaTVyLBsX1WnvFU89KVEJW8A5ocHZC_KLfkfkPzox0A5BFzoUEgBk6S3M5_PFrVJCCXR0Kwsz1qQ9MOy5xOHRa2MVbhk5RI_uhIplFUqId3NlT1qa_wG3ncClHlpchqLbbRS3hOAQ5vcA","refreshToken":"eyJ0eXAiOiJCZWFyZXIiLCJhbGciOiJSUzI1NiJ9.eyJqdGkiOiIzMWUxMjU2NC1iYjVmLTRmMjAtYmQ2OC0zMTE1N2ViNzJjZTkiLCJpYXQiOjE3NDA2NzI1MjcsImV4cCI6MTc0MDc1ODkyNywidXNlcklkIjoiOGRiMTUwNDEtNDY4OC00MzE1LWE2YjUtODYwMzUwY2Y0MjMyIn0.0q-LuJH-xkoZmZ_Qdvn4y1y0yPxDc3bua7Hu0nOdVTclyPJxEeQfOUnmOhP_qzAPhJUbE4KITV4T6DtGEHcmdOEergdjpPznV68i8nYZBiGlPcG4g7m5rsL-dZwf1lFfVbV_shu-NJrXkweyhHiJgRnBTht2jrMcRGSxlF0tbAhbA5TvLsOqSAIdcR8vcjnkgH66MA-Hdz4_RXBi3w12h5lres2ulGdQiG5q1H6UWa8Vj-k1JxVfT0Zvqv79livKJ8kM-KsgIva6RI7iSORZN5aerJYgFKi_zEk1aZScZbLNNkhA-i4NRefh5XnLt8IjwzufigPoaBBrQ4Bel8Qxqg"}
    Session Attrs = {}

Handler:
             Type = com.userservice.controller.UserController
           Method = com.userservice.controller.UserController#logout(TokenInvalidateRequest)

Async:
    Async started = false
     Async result = null

Resolved Exception:
             Type = null

ModelAndView:
        View name = null
             View = null
            Model = null

FlashMap:
       Attributes = null

MockHttpServletResponse:
           Status = 200
    Error message = null
          Headers = [Vary:"Origin", "Access-Control-Request-Method", "Access-Control-Request-Headers", X-Content-Type-Options:"nosniff", X-XSS-Protection:"0", Cache-Control:"no-cache, no-store, max-age=0, must-revalidate", Pragma:"no-cache", Expires:"0", X-Frame-Options:"DENY"]
     Content type = null
             Body = 
    Forwarded URL = null
   Redirected URL = null
          Cookies = []
]]></system-out>
  </testcase>
  <testcase name="givenTokenRefreshRequest_WhenRefreshTokenForUser_ThenReturnToken" classname="com.userservice.controller.UserControllerTest" time="0.205">
    <system-out><![CDATA[2025-02-27T18:08:47.397+02:00  INFO 11918 --- [user-service] [           main] c.userservice.controller.UserController  : Token refresh request received
2025-02-27T18:08:47.398+02:00  INFO 11918 --- [user-service] [           main] c.userservice.controller.UserController  : Token successfully refreshed

MockHttpServletRequest:
      HTTP Method = POST
      Request URI = /users/refresh
       Parameters = {}
          Headers = [Content-Type:"application/json;charset=UTF-8", Content-Length:"31"]
             Body = {"refreshToken":"refreshToken"}
    Session Attrs = {}

Handler:
             Type = com.userservice.controller.UserController
           Method = com.userservice.controller.UserController#refresh(TokenRefreshRequest)

Async:
    Async started = false
     Async result = null

Resolved Exception:
             Type = null

ModelAndView:
        View name = null
             View = null
            Model = null

FlashMap:
       Attributes = null

MockHttpServletResponse:
           Status = 202
    Error message = null
          Headers = [Vary:"Origin", "Access-Control-Request-Method", "Access-Control-Request-Headers", Content-Type:"application/json", X-Content-Type-Options:"nosniff", X-XSS-Protection:"0", Cache-Control:"no-cache, no-store, max-age=0, must-revalidate", Pragma:"no-cache", Expires:"0", X-Frame-Options:"DENY"]
     Content type = application/json
             Body = {"accessToken":"mockAccessToken","accessTokenExpiresAt":3600,"refreshToken":"mockRefreshToken"}
    Forwarded URL = null
   Redirected URL = null
          Cookies = []
]]></system-out>
  </testcase>
  <testcase name="givenLoginRequest_WhenLoginForUser_ThenReturnToken" classname="com.userservice.controller.UserControllerTest" time="0.087">
    <system-out><![CDATA[2025-02-27T18:08:47.568+02:00  INFO 11918 --- [user-service] [           main] c.userservice.controller.UserController  : User attempting login: example@gmail.com
2025-02-27T18:08:47.569+02:00  INFO 11918 --- [user-service] [           main] c.userservice.controller.UserController  : Login successful for user: example@gmail.com

MockHttpServletRequest:
      HTTP Method = POST
      Request URI = /users/login
       Parameters = {}
          Headers = [Content-Type:"application/json;charset=UTF-8", Content-Length:"51"]
             Body = {"email":"example@gmail.com","password":"password"}
    Session Attrs = {}

Handler:
             Type = com.userservice.controller.UserController
           Method = com.userservice.controller.UserController#login(UserLoginRequest)

Async:
    Async started = false
     Async result = null

Resolved Exception:
             Type = null

ModelAndView:
        View name = null
             View = null
            Model = null

FlashMap:
       Attributes = null

MockHttpServletResponse:
           Status = 202
    Error message = null
          Headers = [Vary:"Origin", "Access-Control-Request-Method", "Access-Control-Request-Headers", Content-Type:"application/json", X-Content-Type-Options:"nosniff", X-XSS-Protection:"0", Cache-Control:"no-cache, no-store, max-age=0, must-revalidate", Pragma:"no-cache", Expires:"0", X-Frame-Options:"DENY"]
     Content type = application/json
             Body = {"accessToken":"mockAccessToken","accessTokenExpiresAt":3600,"refreshToken":"mockRefreshToken"}
    Forwarded URL = null
   Redirected URL = null
          Cookies = []
]]></system-out>
  </testcase>
  <testcase name="givenValidToken_whenGetAuthentication_thenReturnAuthentication" classname="com.userservice.controller.UserControllerTest" time="0.098">
    <system-out><![CDATA[2025-02-27T18:08:47.685+02:00  INFO 11918 --- [user-service] [           main] c.userservice.controller.UserController  : Authentication request received for token.

MockHttpServletRequest:
      HTTP Method = GET
      Request URI = /users/authenticate
       Parameters = {token=[validToken]}
          Headers = []
             Body = null
    Session Attrs = {}

Handler:
             Type = com.userservice.controller.UserController
           Method = com.userservice.controller.UserController#getAuthentication(String)

Async:
    Async started = false
     Async result = null

Resolved Exception:
             Type = null

ModelAndView:
        View name = null
             View = null
            Model = null

FlashMap:
       Attributes = null

MockHttpServletResponse:
           Status = 200
    Error message = null
          Headers = [Vary:"Origin", "Access-Control-Request-Method", "Access-Control-Request-Headers", Content-Type:"application/json", X-Content-Type-Options:"nosniff", X-XSS-Protection:"0", Cache-Control:"no-cache, no-store, max-age=0, must-revalidate", Pragma:"no-cache", Expires:"0", X-Frame-Options:"DENY"]
     Content type = application/json
             Body = {"authorities":[],"details":null,"authenticated":false,"principal":"user","credentials":"password","name":"user"}
    Forwarded URL = null
   Redirected URL = null
          Cookies = []
]]></system-out>
  </testcase>
</testsuite>